                                                                                                                                                                                                           QUERY PLAN                                                                                                                                                                                                            
---------------------------------------------------------------------------------------------------------------------------------------------------------------------------------------------------------------------------------------------------------------------------------------------------------------------------------------------------------------------------------------------------------------------------------
 Sort  (cost=10800.40..10800.42 rows=6 width=162) (actual time=0.097..0.099 rows=0 loops=1)
   Output: b.book_ref, t.ticket_no, t.passenger_id, t.passenger_name, tf.fare_conditions, tf.amount, (timezone(ml.timezone, f.scheduled_departure)), (timezone(ml_1.timezone, f.scheduled_arrival)), (((((ml.city ->> lang()) || ' ('::text) || (f.departure_airport)::text) || ')'::text)), (((((ml_1.city ->> lang()) || ' ('::text) || (f.arrival_airport)::text) || ')'::text)), f.status, bp.seat_no, f.scheduled_departure
   Sort Key: t.ticket_no, f.scheduled_departure
   Sort Method: quicksort  Memory: 25kB
   ->  Nested Loop Left Join  (cost=1.56..10800.33 rows=6 width=162) (actual time=0.067..0.069 rows=0 loops=1)
         Output: b.book_ref, t.ticket_no, t.passenger_id, t.passenger_name, tf.fare_conditions, tf.amount, timezone(ml.timezone, f.scheduled_departure), timezone(ml_1.timezone, f.scheduled_arrival), ((((ml.city ->> lang()) || ' ('::text) || (f.departure_airport)::text) || ')'::text), ((((ml_1.city ->> lang()) || ' ('::text) || (f.arrival_airport)::text) || ')'::text), f.status, bp.seat_no, f.scheduled_departure
         Inner Unique: true
         ->  Nested Loop  (cost=1.14..10794.31 rows=6 width=241) (actual time=0.066..0.068 rows=0 loops=1)
               Output: b.book_ref, t.ticket_no, t.passenger_id, t.passenger_name, tf.fare_conditions, tf.amount, tf.ticket_no, tf.flight_id, f.scheduled_departure, f.scheduled_arrival, f.departure_airport, f.arrival_airport, f.status, ml.timezone, ml.city, ml_1.timezone, ml_1.city
               Join Filter: (f.arrival_airport = ml_1.airport_code)
               ->  Seq Scan on bookings.airports_data ml_1  (cost=0.00..4.04 rows=104 width=68) (actual time=0.006..0.013 rows=104 loops=1)
                     Output: ml_1.airport_code, ml_1.airport_name, ml_1.city, ml_1.coordinates, ml_1.timezone
               ->  Materialize  (cost=1.14..10780.93 rows=6 width=177) (actual time=0.000..0.000 rows=0 loops=104)
                     Output: b.book_ref, t.ticket_no, t.passenger_id, t.passenger_name, tf.fare_conditions, tf.amount, tf.ticket_no, tf.flight_id, f.scheduled_departure, f.scheduled_arrival, f.departure_airport, f.arrival_airport, f.status, ml.timezone, ml.city
                     ->  Nested Loop  (cost=1.14..10780.90 rows=6 width=177) (actual time=0.040..0.041 rows=0 loops=1)
                           Output: b.book_ref, t.ticket_no, t.passenger_id, t.passenger_name, tf.fare_conditions, tf.amount, tf.ticket_no, tf.flight_id, f.scheduled_departure, f.scheduled_arrival, f.departure_airport, f.arrival_airport, f.status, ml.timezone, ml.city
                           Join Filter: (f.departure_airport = ml.airport_code)
                           ->  Seq Scan on bookings.airports_data ml  (cost=0.00..4.04 rows=104 width=68) (actual time=0.001..0.009 rows=104 loops=1)
                                 Output: ml.airport_code, ml.airport_name, ml.city, ml.coordinates, ml.timezone
                           ->  Materialize  (cost=1.14..10767.51 rows=6 width=113) (actual time=0.000..0.000 rows=0 loops=104)
                                 Output: b.book_ref, t.ticket_no, t.passenger_id, t.passenger_name, tf.fare_conditions, tf.amount, tf.ticket_no, tf.flight_id, f.scheduled_departure, f.scheduled_arrival, f.departure_airport, f.arrival_airport, f.status
                                 ->  Nested Loop  (cost=1.14..10767.48 rows=6 width=113) (actual time=0.016..0.017 rows=0 loops=1)
                                       Output: b.book_ref, t.ticket_no, t.passenger_id, t.passenger_name, tf.fare_conditions, tf.amount, tf.ticket_no, tf.flight_id, f.scheduled_departure, f.scheduled_arrival, f.departure_airport, f.arrival_airport, f.status
                                       Inner Unique: true
                                       ->  Nested Loop  (cost=0.85..10765.63 rows=6 width=81) (actual time=0.016..0.017 rows=0 loops=1)
                                             Output: b.book_ref, t.ticket_no, t.passenger_id, t.passenger_name, tf.fare_conditions, tf.amount, tf.ticket_no, tf.flight_id
                                             ->  Nested Loop  (cost=0.42..10732.62 rows=2 width=49) (actual time=0.016..0.016 rows=0 loops=1)
                                                   Output: b.book_ref, t.ticket_no, t.passenger_id, t.passenger_name
                                                   ->  Index Only Scan using bookings_pkey on bookings.bookings b  (cost=0.42..4.44 rows=1 width=7) (actual time=0.015..0.016 rows=0 loops=1)
                                                         Output: b.book_ref
                                                         Index Cond: (b.book_ref = '_QWE12'::bpchar)
                                                         Heap Fetches: 0
                                                   ->  Seq Scan on bookings.tickets t  (cost=0.00..10728.16 rows=2 width=49) (never executed)
                                                         Output: t.ticket_no, t.book_ref, t.passenger_id, t.passenger_name, t.contact_data
                                                         Filter: (t.book_ref = '_QWE12'::bpchar)
                                             ->  Index Scan using ticket_flights_pkey on bookings.ticket_flights tf  (cost=0.42..16.47 rows=3 width=32) (never executed)
                                                   Output: tf.ticket_no, tf.flight_id, tf.fare_conditions, tf.amount
                                                   Index Cond: (tf.ticket_no = t.ticket_no)
                                       ->  Index Scan using flights_pkey on bookings.flights f  (cost=0.29..0.31 rows=1 width=36) (never executed)
                                             Output: f.flight_id, f.flight_no, f.scheduled_departure, f.scheduled_arrival, f.departure_airport, f.arrival_airport, f.status, f.aircraft_code, f.actual_departure, f.actual_arrival
                                             Index Cond: (f.flight_id = tf.flight_id)
         ->  Index Scan using boarding_passes_pkey on bookings.boarding_passes bp  (cost=0.42..0.47 rows=1 width=21) (never executed)
               Output: bp.ticket_no, bp.flight_id, bp.boarding_no, bp.seat_no
               Index Cond: ((bp.ticket_no = tf.ticket_no) AND (bp.flight_id = tf.flight_id))
 Planning Time: 2.420 ms
 Execution Time: 0.854 ms
(46 rows)

