                                                                                                                                                                                                           QUERY PLAN                                                                                                                                                                                                            
---------------------------------------------------------------------------------------------------------------------------------------------------------------------------------------------------------------------------------------------------------------------------------------------------------------------------------------------------------------------------------------------------------------------------------
 Sort  (cost=10851.93..10851.94 rows=6 width=162) (actual time=0.139..0.142 rows=0 loops=1)
   Output: b.book_ref, t.ticket_no, t.passenger_id, t.passenger_name, tf.fare_conditions, tf.amount, (timezone(ml.timezone, f.scheduled_departure)), (timezone(ml_1.timezone, f.scheduled_arrival)), (((((ml.city ->> lang()) || ' ('::text) || (f.departure_airport)::text) || ')'::text)), (((((ml_1.city ->> lang()) || ' ('::text) || (f.arrival_airport)::text) || ')'::text)), f.status, bp.seat_no, f.scheduled_departure
   Sort Key: t.ticket_no, f.scheduled_departure
   Sort Method: quicksort  Memory: 25kB
   ->  Nested Loop Left Join  (cost=1.56..10851.85 rows=6 width=162) (actual time=0.099..0.101 rows=0 loops=1)
         Output: b.book_ref, t.ticket_no, t.passenger_id, t.passenger_name, tf.fare_conditions, tf.amount, timezone(ml.timezone, f.scheduled_departure), timezone(ml_1.timezone, f.scheduled_arrival), ((((ml.city ->> lang()) || ' ('::text) || (f.departure_airport)::text) || ')'::text), ((((ml_1.city ->> lang()) || ' ('::text) || (f.arrival_airport)::text) || ')'::text), f.status, bp.seat_no, f.scheduled_departure
         Inner Unique: true
         ->  Nested Loop  (cost=1.13..10845.83 rows=6 width=241) (actual time=0.098..0.101 rows=0 loops=1)
               Output: b.book_ref, t.ticket_no, t.passenger_id, t.passenger_name, tf.fare_conditions, tf.amount, tf.ticket_no, tf.flight_id, f.scheduled_departure, f.scheduled_arrival, f.departure_airport, f.arrival_airport, f.status, ml.timezone, ml.city, ml_1.timezone, ml_1.city
               Join Filter: (f.arrival_airport = ml_1.airport_code)
               ->  Seq Scan on bookings.airports_data ml_1  (cost=0.00..4.04 rows=104 width=68) (actual time=0.006..0.015 rows=104 loops=1)
                     Output: ml_1.airport_code, ml_1.airport_name, ml_1.city, ml_1.coordinates, ml_1.timezone
               ->  Materialize  (cost=1.13..10832.45 rows=6 width=177) (actual time=0.001..0.001 rows=0 loops=104)
                     Output: b.book_ref, t.ticket_no, t.passenger_id, t.passenger_name, tf.fare_conditions, tf.amount, tf.ticket_no, tf.flight_id, f.scheduled_departure, f.scheduled_arrival, f.departure_airport, f.arrival_airport, f.status, ml.timezone, ml.city
                     ->  Nested Loop  (cost=1.13..10832.42 rows=6 width=177) (actual time=0.065..0.067 rows=0 loops=1)
                           Output: b.book_ref, t.ticket_no, t.passenger_id, t.passenger_name, tf.fare_conditions, tf.amount, tf.ticket_no, tf.flight_id, f.scheduled_departure, f.scheduled_arrival, f.departure_airport, f.arrival_airport, f.status, ml.timezone, ml.city
                           Join Filter: (f.departure_airport = ml.airport_code)
                           ->  Seq Scan on bookings.airports_data ml  (cost=0.00..4.04 rows=104 width=68) (actual time=0.001..0.012 rows=104 loops=1)
                                 Output: ml.airport_code, ml.airport_name, ml.city, ml.coordinates, ml.timezone
                           ->  Materialize  (cost=1.13..10819.03 rows=6 width=113) (actual time=0.000..0.000 rows=0 loops=104)
                                 Output: b.book_ref, t.ticket_no, t.passenger_id, t.passenger_name, tf.fare_conditions, tf.amount, tf.ticket_no, tf.flight_id, f.scheduled_departure, f.scheduled_arrival, f.departure_airport, f.arrival_airport, f.status
                                 ->  Nested Loop  (cost=1.13..10819.00 rows=6 width=113) (actual time=0.016..0.018 rows=0 loops=1)
                                       Output: b.book_ref, t.ticket_no, t.passenger_id, t.passenger_name, tf.fare_conditions, tf.amount, tf.ticket_no, tf.flight_id, f.scheduled_departure, f.scheduled_arrival, f.departure_airport, f.arrival_airport, f.status
                                       Inner Unique: true
                                       ->  Nested Loop  (cost=0.84..10817.15 rows=6 width=81) (actual time=0.016..0.017 rows=0 loops=1)
                                             Output: b.book_ref, t.ticket_no, t.passenger_id, t.passenger_name, tf.fare_conditions, tf.amount, tf.ticket_no, tf.flight_id
                                             ->  Nested Loop  (cost=0.42..10732.62 rows=2 width=49) (actual time=0.016..0.016 rows=0 loops=1)
                                                   Output: b.book_ref, t.ticket_no, t.passenger_id, t.passenger_name
                                                   ->  Index Only Scan using bookings_pkey on bookings.bookings b  (cost=0.42..4.44 rows=1 width=7) (actual time=0.015..0.015 rows=0 loops=1)
                                                         Output: b.book_ref
                                                         Index Cond: (b.book_ref = '_QWE12'::bpchar)
                                                         Heap Fetches: 0
                                                   ->  Seq Scan on bookings.tickets t  (cost=0.00..10728.16 rows=2 width=49) (never executed)
                                                         Output: t.ticket_no, t.book_ref, t.passenger_id, t.passenger_name, t.contact_data
                                                         Filter: (t.book_ref = '_QWE12'::bpchar)
                                             ->  Append  (cost=0.42..42.21 rows=5 width=32) (never executed)
                                                   ->  Index Scan using ticket_flights_hashed_p0_pkey on bookings.ticket_flights_hashed_p0 tf_1  (cost=0.42..8.44 rows=1 width=32) (never executed)
                                                         Output: tf_1.fare_conditions, tf_1.amount, tf_1.ticket_no, tf_1.flight_id
                                                         Index Cond: (tf_1.ticket_no = t.ticket_no)
                                                   ->  Index Scan using ticket_flights_hashed_p1_pkey on bookings.ticket_flights_hashed_p1 tf_2  (cost=0.42..8.44 rows=1 width=32) (never executed)
                                                         Output: tf_2.fare_conditions, tf_2.amount, tf_2.ticket_no, tf_2.flight_id
                                                         Index Cond: (tf_2.ticket_no = t.ticket_no)
                                                   ->  Index Scan using ticket_flights_hashed_p2_pkey on bookings.ticket_flights_hashed_p2 tf_3  (cost=0.42..8.44 rows=1 width=32) (never executed)
                                                         Output: tf_3.fare_conditions, tf_3.amount, tf_3.ticket_no, tf_3.flight_id
                                                         Index Cond: (tf_3.ticket_no = t.ticket_no)
                                                   ->  Index Scan using ticket_flights_hashed_p3_pkey on bookings.ticket_flights_hashed_p3 tf_4  (cost=0.42..8.44 rows=1 width=32) (never executed)
                                                         Output: tf_4.fare_conditions, tf_4.amount, tf_4.ticket_no, tf_4.flight_id
                                                         Index Cond: (tf_4.ticket_no = t.ticket_no)
                                                   ->  Index Scan using ticket_flights_hashed_p4_pkey on bookings.ticket_flights_hashed_p4 tf_5  (cost=0.42..8.44 rows=1 width=32) (never executed)
                                                         Output: tf_5.fare_conditions, tf_5.amount, tf_5.ticket_no, tf_5.flight_id
                                                         Index Cond: (tf_5.ticket_no = t.ticket_no)
                                       ->  Index Scan using flights_pkey on bookings.flights f  (cost=0.29..0.31 rows=1 width=36) (never executed)
                                             Output: f.flight_id, f.flight_no, f.scheduled_departure, f.scheduled_arrival, f.departure_airport, f.arrival_airport, f.status, f.aircraft_code, f.actual_departure, f.actual_arrival
                                             Index Cond: (f.flight_id = tf.flight_id)
         ->  Index Scan using boarding_passes_pkey on bookings.boarding_passes bp  (cost=0.42..0.47 rows=1 width=21) (never executed)
               Output: bp.ticket_no, bp.flight_id, bp.boarding_no, bp.seat_no
               Index Cond: ((bp.ticket_no = tf.ticket_no) AND (bp.flight_id = tf.flight_id))
 Planning Time: 43.550 ms
 Execution Time: 0.975 ms
(59 rows)

