                                                                                                                                                                                                        QUERY PLAN                                                                                                                                                                                                        
--------------------------------------------------------------------------------------------------------------------------------------------------------------------------------------------------------------------------------------------------------------------------------------------------------------------------------------------------------------------------------------------------------------------------
 Aggregate  (cost=195957.99..195958.00 rows=1 width=32)
   Output: (sum(lineitem.l_extendedprice) / 7.0)
   ->  Hash Join  (cost=6369.05..195953.09 rows=1960 width=8)
         Output: lineitem.l_extendedprice
         Inner Unique: true
         Hash Cond: (lineitem.l_partkey = part.p_partkey)
         Join Filter: (lineitem.l_quantity < (SubPlan 1))
         ->  Seq Scan on public.lineitem  (cost=0.00..172515.15 rows=6001215 width=17)
               Output: lineitem.l_orderkey, lineitem.l_partkey, lineitem.l_suppkey, lineitem.l_linenumber, lineitem.l_quantity, lineitem.l_extendedprice, lineitem.l_discount, lineitem.l_tax, lineitem.l_returnflag, lineitem.l_linestatus, lineitem.l_shipdate, lineitem.l_commitdate, lineitem.l_receiptdate, lineitem.l_shipinstruct, lineitem.l_shipmode, lineitem.l_comment
         ->  Hash  (cost=6366.60..6366.60 rows=196 width=4)
               Output: part.p_partkey
               ->  Gather  (cost=1000.00..6366.60 rows=196 width=4)
                     Output: part.p_partkey
                     Workers Planned: 2
                     ->  Parallel Seq Scan on public.part  (cost=0.00..5347.00 rows=82 width=4)
                           Output: part.p_partkey
                           Filter: ((part.p_brand = 'Brand#23'::bpchar) AND (part.p_container = 'MED BOX'::bpchar))
         SubPlan 1
           ->  Aggregate  (cost=131.54..131.56 rows=1 width=32)
                 Output: (0.2 * avg(lineitem_1.l_quantity))
                 ->  Bitmap Heap Scan on public.lineitem lineitem_1  (cost=4.68..131.46 rows=32 width=5)
                       Output: lineitem_1.l_orderkey, lineitem_1.l_partkey, lineitem_1.l_suppkey, lineitem_1.l_linenumber, lineitem_1.l_quantity, lineitem_1.l_extendedprice, lineitem_1.l_discount, lineitem_1.l_tax, lineitem_1.l_returnflag, lineitem_1.l_linestatus, lineitem_1.l_shipdate, lineitem_1.l_commitdate, lineitem_1.l_receiptdate, lineitem_1.l_shipinstruct, lineitem_1.l_shipmode, lineitem_1.l_comment
                       Recheck Cond: (lineitem_1.l_partkey = part.p_partkey)
                       ->  Bitmap Index Scan on lineitem_partsupp_fkey_idx  (cost=0.00..4.67 rows=32 width=0)
                             Index Cond: (lineitem_1.l_partkey = part.p_partkey)
 Query Identifier: 7552848644435449049
 JIT:
   Functions: 24
   Options: Inlining false, Optimization false, Expressions true, Deforming true
(29 rows)

