select
        s_name,
        s_address
from
        supplier,
        nation
where
        s_suppkey in (
                select
                        ps_suppkey
                from
                        partsupp
                where
                        ps_partkey in (
                                select
                                        p_partkey
                                from
                                        part
                                where
                                        p_name like 'forest%'
                        )
                        and ps_availqty > (
                                select
                                        0.5 * sum(l_quantity)
                                from
                                        lineitem
                                where
                                        l_partkey = ps_partkey
                                        and l_suppkey = ps_suppkey
                                        and l_shipdate >= date '1994-01-01'
                                        and l_shipdate < date '1994-01-01' + interval '1' year
                        )
        )
        and s_nationkey = n_nationkey
        and n_name = 'CANADA'
order by
        s_name;
;
                                                                                                                                                                                                 QUERY PLAN                                                                                                                                                                                                 
------------------------------------------------------------------------------------------------------------------------------------------------------------------------------------------------------------------------------------------------------------------------------------------------------------------------------------------------------------------------------------------------------------
 Sort  (cost=186025650340.02..186025650340.29 rows=108 width=51)
   Output: supplier.s_name, supplier.s_address
   Sort Key: supplier.s_name
   ->  Nested Loop Semi Join  (cost=1001.33..186025650336.37 rows=108 width=51)
         Output: supplier.s_name, supplier.s_address
         Join Filter: (supplier.s_suppkey = partsupp.ps_suppkey)
         ->  Hash Join  (cost=1.32..364.82 rows=400 width=55)
               Output: supplier.s_name, supplier.s_address, supplier.s_suppkey
               Hash Cond: (supplier.s_nationkey = nation.n_nationkey)
               ->  Seq Scan on public.supplier  (cost=0.00..322.00 rows=10000 width=59)
                     Output: supplier.s_suppkey, supplier.s_name, supplier.s_address, supplier.s_nationkey, supplier.s_phone, supplier.s_acctbal, supplier.s_comment
               ->  Hash  (cost=1.31..1.31 rows=1 width=4)
                     Output: nation.n_nationkey
                     ->  Seq Scan on public.nation  (cost=0.00..1.31 rows=1 width=4)
                           Output: nation.n_nationkey
                           Filter: (nation.n_name = 'CANADA'::bpchar)
         ->  Materialize  (cost=1000.00..186025633820.28 rows=2693 width=4)
               Output: partsupp.ps_suppkey
               ->  Nested Loop Semi Join  (cost=1000.00..186025633806.82 rows=2693 width=4)
                     Output: partsupp.ps_suppkey
                     Join Filter: (partsupp.ps_partkey = part.p_partkey)
                     ->  Seq Scan on public.partsupp  (cost=0.00..186017547451.00 rows=266667 width=8)
                           Output: partsupp.ps_partkey, partsupp.ps_suppkey, partsupp.ps_availqty, partsupp.ps_supplycost, partsupp.ps_comment
                           Filter: ((partsupp.ps_availqty)::numeric > (SubPlan 1))
                           SubPlan 1
                             ->  Aggregate  (cost=232521.89..232521.90 rows=1 width=32)
                                   Output: (0.5 * sum(lineitem.l_quantity))
                                   ->  Seq Scan on public.lineitem  (cost=0.00..232521.88 rows=1 width=5)
                                         Output: lineitem.l_orderkey, lineitem.l_partkey, lineitem.l_suppkey, lineitem.l_linenumber, lineitem.l_quantity, lineitem.l_extendedprice, lineitem.l_discount, lineitem.l_tax, lineitem.l_returnflag, lineitem.l_linestatus, lineitem.l_shipdate, lineitem.l_commitdate, lineitem.l_receiptdate, lineitem.l_shipinstruct, lineitem.l_shipmode, lineitem.l_comment
                                         Filter: ((lineitem.l_shipdate >= '1994-01-01'::date) AND (lineitem.l_shipdate < '1995-01-01 00:00:00'::timestamp without time zone) AND (lineitem.l_partkey = partsupp.ps_partkey) AND (lineitem.l_suppkey = partsupp.ps_suppkey))
                     ->  Materialize  (cost=1000.00..6350.77 rows=2020 width=4)
                           Output: part.p_partkey
                           ->  Gather  (cost=1000.00..6340.67 rows=2020 width=4)
                                 Output: part.p_partkey
                                 Workers Planned: 2
                                 ->  Parallel Seq Scan on public.part  (cost=0.00..5138.67 rows=842 width=4)
                                       Output: part.p_partkey
                                       Filter: ((part.p_name)::text ~~ 'forest%'::text)
 Query Identifier: 1773794459088100553
 JIT:
   Functions: 35
   Options: Inlining true, Optimization true, Expressions true, Deforming true
(42 rows)

